<?xml version="1.0" encoding="UTF-8"?>
<!-- Generated by org.testng.reporters.JUnitXMLReporter -->
<testsuite ignored="1" hostname="DESKTOP-QSOMC3F" failures="0" tests="1" name="Default test" time="17.291" errors="0" timestamp="2021-01-16T03:33:02 EET">
  <testcase classname="com.automationpractice.signUp" name="happyScenario" time="2.551"/>
  <testcase classname="com.automationpractice.signUp" name="formValidation" time="0.0">
    <ignored/>
  </testcase> <!-- formValidation -->
</testsuite> <!-- Default test -->
