<?xml version="1.0" encoding="UTF-8"?>
<testng-results ignored="1" total="2" passed="1" failed="0" skipped="0">
  <reporter-output>
  </reporter-output>
  <suite started-at="2021-01-16T03:32:45 EET" name="Default suite" finished-at="2021-01-16T03:33:02 EET" duration-ms="17291">
    <groups>
    </groups>
    <test started-at="2021-01-16T03:32:45 EET" name="Default test" finished-at="2021-01-16T03:33:02 EET" duration-ms="17291">
      <class name="com.automationpractice.signUp">
        <test-method is-config="true" signature="startUp()[pri:0, instance:com.automationpractice.signUp@1ffe63b9]" started-at="2021-01-16T03:32:45 EET" name="startUp" finished-at="2021-01-16T03:32:59 EET" duration-ms="14702" status="PASS">
          <reporter-output>
          </reporter-output>
        </test-method> <!-- startUp -->
        <test-method signature="happyScenario()[pri:0, instance:com.automationpractice.signUp@1ffe63b9]" started-at="2021-01-16T03:32:59 EET" name="happyScenario" finished-at="2021-01-16T03:33:02 EET" duration-ms="2551" status="PASS">
          <reporter-output>
          </reporter-output>
        </test-method> <!-- happyScenario -->
      </class> <!-- com.automationpractice.signUp -->
    </test> <!-- Default test -->
  </suite> <!-- Default suite -->
</testng-results>
